<?xml version="1.0" encoding="UTF-8"?>
<!-- Generated by org.testng.reporters.JUnitReportReporter -->
<testsuite hostname="Raashids-Air.ht.home" failures="0" tests="2" name="test.NavTest" time="20.280" errors="0" timestamp="18 Nov. 2023 17:27:16 GMT" skipped="0">
  <testcase classname="test.NavTest" name="clickButtons" time="11.094"/>
  <testcase classname="test.NavTest" name="handleLogin" time="9.186"/>
</testsuite> <!-- test.NavTest -->
